Directories in use:
home:         C:\Users\Ianag\.Neo4jDesktop\relate-data\dbmss\dbms-3d5893ab-be49-4ac0-8ba0-b62bfef59324
config:       C:\Users\Ianag\.Neo4jDesktop\relate-data\dbmss\dbms-3d5893ab-be49-4ac0-8ba0-b62bfef59324\conf
logs:         C:\Users\Ianag\.Neo4jDesktop\relate-data\dbmss\dbms-3d5893ab-be49-4ac0-8ba0-b62bfef59324\logs
plugins:      C:\Users\Ianag\.Neo4jDesktop\relate-data\dbmss\dbms-3d5893ab-be49-4ac0-8ba0-b62bfef59324\plugins
import:       C:\Users\Ianag\.Neo4jDesktop\relate-data\dbmss\dbms-3d5893ab-be49-4ac0-8ba0-b62bfef59324\import
data:         C:\Users\Ianag\.Neo4jDesktop\relate-data\dbmss\dbms-3d5893ab-be49-4ac0-8ba0-b62bfef59324\data
certificates: C:\Users\Ianag\.Neo4jDesktop\relate-data\dbmss\dbms-3d5893ab-be49-4ac0-8ba0-b62bfef59324\certificates
licenses:     C:\Users\Ianag\.Neo4jDesktop\relate-data\dbmss\dbms-3d5893ab-be49-4ac0-8ba0-b62bfef59324\licenses
run:          C:\Users\Ianag\.Neo4jDesktop\relate-data\dbmss\dbms-3d5893ab-be49-4ac0-8ba0-b62bfef59324\run
Starting Neo4j.
2023-05-29 00:22:07.730+0000 INFO  The license agreement was accepted with environment variable NEO4J_ACCEPT_LICENSE_AGREEMENT=yes when the Software was started.

The license agreement is available https://neo4j.com/terms/licensing/

If you do not have a commercial license and want to evaluate the Software
please read the terms of the evaluation agreement before you accept.
https://neo4j.com/terms/enterprise_us/

(c) Neo4j Sweden AB. All Rights Reserved.
Use of this Software without a proper commercial license, or evaluation license
with Neo4j,Inc. or its affiliates is prohibited.
Neo4j has the right to terminate your usage if you are not compliant.

Email inquiries can be directed to: licensing@neo4j.com

More information is also available at: https://neo4j.com/licensing/

2023-05-29 00:22:07.737+0000 WARN  Use of deprecated setting 'dbms.windows_service_name'. It is replaced by 'server.windows_service_name'.
2023-05-29 00:22:07.737+0000 WARN  Use of deprecated setting 'dbms.jvm.additional'. It is replaced by 'server.jvm.additional'.
2023-05-29 00:22:07.737+0000 WARN  Use of deprecated setting 'dbms.memory.pagecache.size'. It is replaced by 'server.memory.pagecache.size'.
2023-05-29 00:22:07.737+0000 WARN  Use of deprecated setting 'dbms.memory.heap.max_size'. It is replaced by 'server.memory.heap.max_size'.
2023-05-29 00:22:07.737+0000 WARN  Use of deprecated setting 'dbms.memory.heap.initial_size'. It is replaced by 'server.memory.heap.initial_size'.
2023-05-29 00:22:07.740+0000 INFO  Starting...
2023-05-29 00:22:10.359+0000 INFO  ======== Neo4j 5.3.0 ========
2023-05-29 00:22:10.424+0000 INFO  This instance is ServerId{cdb85e2c} (cdb85e2c-4fb7-4cee-bfa9-1c9186f5c29a)
2023-05-29 00:22:14.972+0000 INFO  Default database 'neo4j' is created
2023-05-29 00:22:15.526+0000 INFO  Sending metrics to CSV file at C:\Users\Ianag\.Neo4jDesktop\relate-data\dbmss\dbms-3d5893ab-be49-4ac0-8ba0-b62bfef59324\metrics
2023-05-29 00:22:15.569+0000 INFO  Bolt enabled on localhost:7687.
2023-05-29 00:22:15.571+0000 INFO  Bolt (Routing) enabled on localhost:7688.
2023-05-29 00:22:16.493+0000 INFO  Remote interface available at http://localhost:7474/
2023-05-29 00:22:16.498+0000 INFO  id: 211BFAC22CAFB7E3C6B76ACC9B17E58B0C40CF27E1693F05AE0A9536614296A5
2023-05-29 00:22:16.500+0000 INFO  name: system
2023-05-29 00:22:16.500+0000 INFO  creationDate: 2023-05-29T00:22:13.224Z
2023-05-29 00:22:16.501+0000 INFO  Started.
2023-05-29 00:22:21.840+0000 ERROR [bolt-4] Terminating connection due to unexpected error
org.neo4j.bolt.protocol.error.streaming.BoltStreamingWriteException: Failed to finalize batch: Cannot write result response
	at org.neo4j.bolt.protocol.common.transaction.result.ResultHandler.onFinish(ResultHandler.java:116) ~[neo4j-bolt-5.3.0.jar:5.3.0]
	at org.neo4j.bolt.protocol.common.fsm.AbstractStateMachine.after(AbstractStateMachine.java:126) ~[neo4j-bolt-5.3.0.jar:5.3.0]
	at org.neo4j.bolt.protocol.common.fsm.AbstractStateMachine.process(AbstractStateMachine.java:99) ~[neo4j-bolt-5.3.0.jar:5.3.0]
	at org.neo4j.bolt.protocol.common.connector.connection.AtomicSchedulingConnection.lambda$submit$4(AtomicSchedulingConnection.java:113) ~[neo4j-bolt-5.3.0.jar:5.3.0]
	at org.neo4j.bolt.protocol.common.connector.connection.AtomicSchedulingConnection.executeJob(AtomicSchedulingConnection.java:336) ~[neo4j-bolt-5.3.0.jar:5.3.0]
	at org.neo4j.bolt.protocol.common.connector.connection.AtomicSchedulingConnection.doExecuteJobs(AtomicSchedulingConnection.java:306) ~[neo4j-bolt-5.3.0.jar:5.3.0]
	at org.neo4j.bolt.protocol.common.connector.connection.AtomicSchedulingConnection.executeJobs(AtomicSchedulingConnection.java:212) ~[neo4j-bolt-5.3.0.jar:5.3.0]
	at java.util.concurrent.Executors$RunnableAdapter.call(Executors.java:539) ~[?:?]
	at java.util.concurrent.FutureTask.run(FutureTask.java:264) ~[?:?]
	at java.util.concurrent.ThreadPoolExecutor.runWorker(ThreadPoolExecutor.java:1136) ~[?:?]
	at java.util.concurrent.ThreadPoolExecutor$Worker.run(ThreadPoolExecutor.java:635) ~[?:?]
	at java.lang.Thread.run(Thread.java:833) ~[?:?]
Caused by: io.netty.channel.StacklessClosedChannelException
	at io.netty.channel.AbstractChannel$AbstractUnsafe.write(Object, ChannelPromise)(Unknown Source) ~[netty-transport-4.1.84.Final.jar:4.1.84.Final]
2023-05-29 00:25:45.244+0000 INFO  Neo4j Server shutdown initiated by request
2023-05-29 00:25:45.244+0000 INFO  Stopping...
2023-05-29 00:25:45.246+0000 INFO  Stopped.
Directories in use:
home:         C:\Users\Ianag\.Neo4jDesktop\relate-data\dbmss\dbms-3d5893ab-be49-4ac0-8ba0-b62bfef59324
config:       C:\Users\Ianag\.Neo4jDesktop\relate-data\dbmss\dbms-3d5893ab-be49-4ac0-8ba0-b62bfef59324\conf
logs:         C:\Users\Ianag\.Neo4jDesktop\relate-data\dbmss\dbms-3d5893ab-be49-4ac0-8ba0-b62bfef59324\logs
plugins:      C:\Users\Ianag\.Neo4jDesktop\relate-data\dbmss\dbms-3d5893ab-be49-4ac0-8ba0-b62bfef59324\plugins
import:       C:\Users\Ianag\.Neo4jDesktop\relate-data\dbmss\dbms-3d5893ab-be49-4ac0-8ba0-b62bfef59324\import
data:         C:\Users\Ianag\.Neo4jDesktop\relate-data\dbmss\dbms-3d5893ab-be49-4ac0-8ba0-b62bfef59324\data
certificates: C:\Users\Ianag\.Neo4jDesktop\relate-data\dbmss\dbms-3d5893ab-be49-4ac0-8ba0-b62bfef59324\certificates
licenses:     C:\Users\Ianag\.Neo4jDesktop\relate-data\dbmss\dbms-3d5893ab-be49-4ac0-8ba0-b62bfef59324\licenses
run:          C:\Users\Ianag\.Neo4jDesktop\relate-data\dbmss\dbms-3d5893ab-be49-4ac0-8ba0-b62bfef59324\run
Starting Neo4j.
2023-05-29 00:27:52.248+0000 INFO  The license agreement was accepted with environment variable NEO4J_ACCEPT_LICENSE_AGREEMENT=yes when the Software was started.

The license agreement is available https://neo4j.com/terms/licensing/

If you do not have a commercial license and want to evaluate the Software
please read the terms of the evaluation agreement before you accept.
https://neo4j.com/terms/enterprise_us/

(c) Neo4j Sweden AB. All Rights Reserved.
Use of this Software without a proper commercial license, or evaluation license
with Neo4j,Inc. or its affiliates is prohibited.
Neo4j has the right to terminate your usage if you are not compliant.

Email inquiries can be directed to: licensing@neo4j.com

More information is also available at: https://neo4j.com/licensing/

2023-05-29 00:27:52.252+0000 WARN  Use of deprecated setting 'dbms.windows_service_name'. It is replaced by 'server.windows_service_name'.
2023-05-29 00:27:52.253+0000 WARN  Use of deprecated setting 'dbms.jvm.additional'. It is replaced by 'server.jvm.additional'.
2023-05-29 00:27:52.253+0000 WARN  Use of deprecated setting 'dbms.memory.pagecache.size'. It is replaced by 'server.memory.pagecache.size'.
2023-05-29 00:27:52.253+0000 WARN  Use of deprecated setting 'dbms.memory.heap.max_size'. It is replaced by 'server.memory.heap.max_size'.
2023-05-29 00:27:52.253+0000 WARN  Use of deprecated setting 'dbms.memory.heap.initial_size'. It is replaced by 'server.memory.heap.initial_size'.
2023-05-29 00:27:52.255+0000 INFO  Starting...
2023-05-29 00:27:54.405+0000 INFO  ======== Neo4j 5.3.0 ========
2023-05-29 00:27:54.451+0000 INFO  This instance is ServerId{cdb85e2c} (cdb85e2c-4fb7-4cee-bfa9-1c9186f5c29a)
2023-05-29 00:27:54.507+0000 INFO  GDS compatibility: for Neo4j Settings 4.4 -- not available, for Neo4j Settings 5.1 -- not available, for Neo4j Settings 5.2.0 -- not available, for Neo4j Settings 5.3 -- available, for Neo4j Settings 5.4 -- not available, for Neo4j Settings 5.5 -- not available, for Neo4j Settings 5.6 -- not available, for Neo4j Settings 5.7 -- not available, for Neo4j Settings 5.8 -- not available, selected: Neo4j Settings 5.3
2023-05-29 00:27:54.507+0000 INFO  GDS compatibility: for Neo4j 4.4 -- not available, for Neo4j 5.1 -- not available, for Neo4j 5.2.0 -- not available, for Neo4j 5.3 -- available, for Neo4j 5.4 -- not available, for Neo4j 5.5 -- not available, for Neo4j 5.6 -- not available, for Neo4j 5.7 -- not available, for Neo4j 5.8 -- not available, selected: Neo4j 5.3
2023-05-29 00:28:07.697+0000 INFO  Sending metrics to CSV file at C:\Users\Ianag\.Neo4jDesktop\relate-data\dbmss\dbms-3d5893ab-be49-4ac0-8ba0-b62bfef59324\metrics
2023-05-29 00:28:07.730+0000 INFO  Bolt enabled on localhost:7687.
2023-05-29 00:28:07.732+0000 INFO  Bolt (Routing) enabled on localhost:7688.
2023-05-29 00:28:08.667+0000 INFO  Remote interface available at http://localhost:7474/
2023-05-29 00:28:08.669+0000 INFO  id: 211BFAC22CAFB7E3C6B76ACC9B17E58B0C40CF27E1693F05AE0A9536614296A5
2023-05-29 00:28:08.670+0000 INFO  name: system
2023-05-29 00:28:08.670+0000 INFO  creationDate: 2023-05-29T00:22:13.224Z
2023-05-29 00:28:08.670+0000 INFO  Started.
2023-05-29 00:28:13.019+0000 ERROR [bolt-7] Terminating connection due to unexpected error
org.neo4j.bolt.protocol.error.streaming.BoltStreamingWriteException: Failed to finalize batch: Cannot write result response
	at org.neo4j.bolt.protocol.common.transaction.result.ResultHandler.onFinish(ResultHandler.java:116) ~[neo4j-bolt-5.3.0.jar:5.3.0]
	at org.neo4j.bolt.protocol.common.fsm.AbstractStateMachine.after(AbstractStateMachine.java:126) ~[neo4j-bolt-5.3.0.jar:5.3.0]
	at org.neo4j.bolt.protocol.common.fsm.AbstractStateMachine.process(AbstractStateMachine.java:99) ~[neo4j-bolt-5.3.0.jar:5.3.0]
	at org.neo4j.bolt.protocol.common.connector.connection.AtomicSchedulingConnection.lambda$submit$4(AtomicSchedulingConnection.java:113) ~[neo4j-bolt-5.3.0.jar:5.3.0]
	at org.neo4j.bolt.protocol.common.connector.connection.AtomicSchedulingConnection.executeJob(AtomicSchedulingConnection.java:336) ~[neo4j-bolt-5.3.0.jar:5.3.0]
	at org.neo4j.bolt.protocol.common.connector.connection.AtomicSchedulingConnection.doExecuteJobs(AtomicSchedulingConnection.java:306) ~[neo4j-bolt-5.3.0.jar:5.3.0]
	at org.neo4j.bolt.protocol.common.connector.connection.AtomicSchedulingConnection.executeJobs(AtomicSchedulingConnection.java:212) ~[neo4j-bolt-5.3.0.jar:5.3.0]
	at java.util.concurrent.Executors$RunnableAdapter.call(Executors.java:539) ~[?:?]
	at java.util.concurrent.FutureTask.run(FutureTask.java:264) ~[?:?]
	at java.util.concurrent.ThreadPoolExecutor.runWorker(ThreadPoolExecutor.java:1136) ~[?:?]
	at java.util.concurrent.ThreadPoolExecutor$Worker.run(ThreadPoolExecutor.java:635) ~[?:?]
	at java.lang.Thread.run(Thread.java:833) ~[?:?]
Caused by: io.netty.channel.StacklessClosedChannelException
	at io.netty.channel.AbstractChannel$AbstractUnsafe.write(Object, ChannelPromise)(Unknown Source) ~[netty-transport-4.1.84.Final.jar:4.1.84.Final]
2023-05-29 00:43:21.530+0000 INFO  [neo4j.BoltWorker-4 [bolt-18 - /127.0.0.1:53120]] Loading :: Start
2023-05-29 00:43:21.533+0000 INFO  [neo4j.BoltWorker-4 [bolt-18 - /127.0.0.1:53120]] Loading :: Nodes :: Start
2023-05-29 00:43:21.533+0000 INFO  [neo4j.BoltWorker-4 [bolt-18 - /127.0.0.1:53120]] Loading :: Nodes :: Store Scan :: Start
2023-05-29 00:43:21.547+0000 INFO  [node-store-scan-3] Loading :: Nodes :: Store Scan 100%
2023-05-29 00:43:21.550+0000 INFO  [neo4j.BoltWorker-4 [bolt-18 - /127.0.0.1:53120]] Loading :: Nodes :: Store Scan :: Finished
2023-05-29 00:43:21.556+0000 INFO  [neo4j.BoltWorker-4 [bolt-18 - /127.0.0.1:53120]] Loading :: Nodes :: Finished
2023-05-29 00:43:21.556+0000 INFO  [neo4j.BoltWorker-4 [bolt-18 - /127.0.0.1:53120]] Loading :: Relationships :: Start
2023-05-29 00:43:21.557+0000 INFO  [neo4j.BoltWorker-4 [bolt-18 - /127.0.0.1:53120]] Loading :: Relationships :: Store Scan :: Start
2023-05-29 00:43:21.571+0000 INFO  [relationship-store-scan-1] Loading :: Relationships :: Store Scan 0%
2023-05-29 00:43:21.598+0000 INFO  [relationship-store-scan-0] Loading :: Relationships :: Store Scan 100%
2023-05-29 00:43:21.610+0000 INFO  [neo4j.BoltWorker-4 [bolt-18 - /127.0.0.1:53120]] Loading :: Relationships :: Store Scan :: Finished
2023-05-29 00:43:21.617+0000 INFO  [neo4j.BoltWorker-4 [bolt-18 - /127.0.0.1:53120]] Loading :: Relationships :: Finished
2023-05-29 00:43:24.722+0000 INFO  [neo4j.BoltWorker-4 [bolt-18 - /127.0.0.1:53120]] Loading :: Actual memory usage of the loaded graph: 1136 KiB
2023-05-29 00:43:24.722+0000 INFO  [neo4j.BoltWorker-4 [bolt-18 - /127.0.0.1:53120]] Loading :: Finished
2023-05-29 00:43:31.528+0000 INFO  [neo4j.BoltWorker-3 [bolt-18 - /127.0.0.1:53120]] Dijkstra :: Start
2023-05-29 00:43:31.532+0000 INFO  [neo4j.BoltWorker-3 [bolt-18 - /127.0.0.1:53120]] Dijkstra 0%
2023-05-29 00:43:31.537+0000 INFO  [neo4j.BoltWorker-3 [bolt-18 - /127.0.0.1:53120]] Dijkstra 1%
2023-05-29 00:43:31.538+0000 INFO  [neo4j.BoltWorker-3 [bolt-18 - /127.0.0.1:53120]] Dijkstra 2%
2023-05-29 00:43:31.540+0000 INFO  [neo4j.BoltWorker-3 [bolt-18 - /127.0.0.1:53120]] Dijkstra 3%
2023-05-29 00:43:31.541+0000 INFO  [neo4j.BoltWorker-3 [bolt-18 - /127.0.0.1:53120]] Dijkstra 4%
2023-05-29 00:43:31.541+0000 INFO  [neo4j.BoltWorker-3 [bolt-18 - /127.0.0.1:53120]] Dijkstra 5%
2023-05-29 00:43:31.542+0000 INFO  [neo4j.BoltWorker-3 [bolt-18 - /127.0.0.1:53120]] Dijkstra 6%
2023-05-29 00:43:31.542+0000 INFO  [neo4j.BoltWorker-3 [bolt-18 - /127.0.0.1:53120]] Dijkstra 7%
2023-05-29 00:43:31.542+0000 INFO  [neo4j.BoltWorker-3 [bolt-18 - /127.0.0.1:53120]] Dijkstra 8%
2023-05-29 00:43:31.543+0000 INFO  [neo4j.BoltWorker-3 [bolt-18 - /127.0.0.1:53120]] Dijkstra 9%
2023-05-29 00:43:31.543+0000 INFO  [neo4j.BoltWorker-3 [bolt-18 - /127.0.0.1:53120]] Dijkstra 11%
2023-05-29 00:43:31.543+0000 INFO  [neo4j.BoltWorker-3 [bolt-18 - /127.0.0.1:53120]] Dijkstra 12%
2023-05-29 00:43:31.543+0000 INFO  [neo4j.BoltWorker-3 [bolt-18 - /127.0.0.1:53120]] Dijkstra 13%
2023-05-29 00:43:31.544+0000 INFO  [neo4j.BoltWorker-3 [bolt-18 - /127.0.0.1:53120]] Dijkstra 14%
2023-05-29 00:43:31.544+0000 INFO  [neo4j.BoltWorker-3 [bolt-18 - /127.0.0.1:53120]] Dijkstra 15%
2023-05-29 00:43:31.544+0000 INFO  [neo4j.BoltWorker-3 [bolt-18 - /127.0.0.1:53120]] Dijkstra 16%
2023-05-29 00:43:31.545+0000 INFO  [neo4j.BoltWorker-3 [bolt-18 - /127.0.0.1:53120]] Dijkstra 17%
2023-05-29 00:43:31.545+0000 INFO  [neo4j.BoltWorker-3 [bolt-18 - /127.0.0.1:53120]] Dijkstra 18%
2023-05-29 00:43:31.545+0000 INFO  [neo4j.BoltWorker-3 [bolt-18 - /127.0.0.1:53120]] Dijkstra 19%
2023-05-29 00:43:31.545+0000 INFO  [neo4j.BoltWorker-3 [bolt-18 - /127.0.0.1:53120]] Dijkstra 20%
2023-05-29 00:43:31.545+0000 INFO  [neo4j.BoltWorker-3 [bolt-18 - /127.0.0.1:53120]] Dijkstra 21%
2023-05-29 00:43:31.545+0000 INFO  [neo4j.BoltWorker-3 [bolt-18 - /127.0.0.1:53120]] Dijkstra 23%
2023-05-29 00:43:31.546+0000 INFO  [neo4j.BoltWorker-3 [bolt-18 - /127.0.0.1:53120]] Dijkstra 24%
2023-05-29 00:43:31.546+0000 INFO  [neo4j.BoltWorker-3 [bolt-18 - /127.0.0.1:53120]] Dijkstra 25%
2023-05-29 00:43:31.546+0000 INFO  [neo4j.BoltWorker-3 [bolt-18 - /127.0.0.1:53120]] Dijkstra 26%
2023-05-29 00:43:31.546+0000 INFO  [neo4j.BoltWorker-3 [bolt-18 - /127.0.0.1:53120]] Dijkstra 27%
2023-05-29 00:43:31.547+0000 INFO  [neo4j.BoltWorker-3 [bolt-18 - /127.0.0.1:53120]] Dijkstra 28%
2023-05-29 00:43:31.547+0000 INFO  [neo4j.BoltWorker-3 [bolt-18 - /127.0.0.1:53120]] Dijkstra 29%
2023-05-29 00:43:31.548+0000 INFO  [neo4j.BoltWorker-3 [bolt-18 - /127.0.0.1:53120]] Dijkstra 30%
2023-05-29 00:43:31.548+0000 INFO  [neo4j.BoltWorker-3 [bolt-18 - /127.0.0.1:53120]] Dijkstra 31%
2023-05-29 00:43:31.548+0000 INFO  [neo4j.BoltWorker-3 [bolt-18 - /127.0.0.1:53120]] Dijkstra 32%
2023-05-29 00:43:31.548+0000 INFO  [neo4j.BoltWorker-3 [bolt-18 - /127.0.0.1:53120]] Dijkstra 33%
2023-05-29 00:43:31.563+0000 INFO  [neo4j.BoltWorker-3 [bolt-18 - /127.0.0.1:53120]] Dijkstra 100%
2023-05-29 00:43:31.563+0000 INFO  [neo4j.BoltWorker-3 [bolt-18 - /127.0.0.1:53120]] Dijkstra :: Finished
2023-05-29 00:45:39.698+0000 INFO  Neo4j Server shutdown initiated by request
2023-05-29 00:45:39.698+0000 INFO  Stopping...
2023-05-29 00:45:39.700+0000 INFO  Stopped.
Failed to submit a listener notification task. Event loop shut down?
java.util.concurrent.RejectedExecutionException: event executor terminated
	at io.netty.util.concurrent.SingleThreadEventExecutor.reject(SingleThreadEventExecutor.java:934) ~[netty-common-4.1.84.Final.jar:4.1.84.Final]
	at io.netty.util.concurrent.SingleThreadEventExecutor.offerTask(SingleThreadEventExecutor.java:351) ~[netty-common-4.1.84.Final.jar:4.1.84.Final]
	at io.netty.util.concurrent.SingleThreadEventExecutor.addTask(SingleThreadEventExecutor.java:344) ~[netty-common-4.1.84.Final.jar:4.1.84.Final]
	at io.netty.util.concurrent.SingleThreadEventExecutor.execute(SingleThreadEventExecutor.java:836) ~[netty-common-4.1.84.Final.jar:4.1.84.Final]
	at io.netty.util.concurrent.SingleThreadEventExecutor.execute0(SingleThreadEventExecutor.java:827) ~[netty-common-4.1.84.Final.jar:4.1.84.Final]
	at io.netty.util.concurrent.SingleThreadEventExecutor.execute(SingleThreadEventExecutor.java:817) ~[netty-common-4.1.84.Final.jar:4.1.84.Final]
	at io.netty.util.concurrent.DefaultPromise.safeExecute(DefaultPromise.java:841) ~[netty-common-4.1.84.Final.jar:4.1.84.Final]
	at io.netty.util.concurrent.DefaultPromise.notifyListeners(DefaultPromise.java:499) ~[netty-common-4.1.84.Final.jar:4.1.84.Final]
	at io.netty.util.concurrent.DefaultPromise.addListener(DefaultPromise.java:184) ~[netty-common-4.1.84.Final.jar:4.1.84.Final]
	at io.netty.channel.DefaultChannelPromise.addListener(DefaultChannelPromise.java:95) ~[netty-transport-4.1.84.Final.jar:4.1.84.Final]
	at io.netty.channel.DefaultChannelPromise.addListener(DefaultChannelPromise.java:30) ~[netty-transport-4.1.84.Final.jar:4.1.84.Final]
	at org.neo4j.bolt.protocol.common.transaction.result.ResultHandler.publishError(ResultHandler.java:147) ~[neo4j-bolt-5.3.0.jar:5.3.0]
	at org.neo4j.bolt.protocol.common.transaction.result.ResultHandler.onFinish(ResultHandler.java:99) ~[neo4j-bolt-5.3.0.jar:5.3.0]
	at org.neo4j.bolt.protocol.common.fsm.AbstractStateMachine.after(AbstractStateMachine.java:126) ~[neo4j-bolt-5.3.0.jar:5.3.0]
	at org.neo4j.bolt.protocol.common.fsm.AbstractStateMachine.process(AbstractStateMachine.java:99) ~[neo4j-bolt-5.3.0.jar:5.3.0]
	at org.neo4j.bolt.protocol.common.connector.connection.AtomicSchedulingConnection.lambda$submit$4(AtomicSchedulingConnection.java:113) ~[neo4j-bolt-5.3.0.jar:5.3.0]
	at org.neo4j.bolt.protocol.common.connector.connection.AtomicSchedulingConnection.executeJob(AtomicSchedulingConnection.java:336) ~[neo4j-bolt-5.3.0.jar:5.3.0]
	at org.neo4j.bolt.protocol.common.connector.connection.AtomicSchedulingConnection.doExecuteJobs(AtomicSchedulingConnection.java:270) ~[neo4j-bolt-5.3.0.jar:5.3.0]
	at org.neo4j.bolt.protocol.common.connector.connection.AtomicSchedulingConnection.executeJobs(AtomicSchedulingConnection.java:212) ~[neo4j-bolt-5.3.0.jar:5.3.0]
	at java.util.concurrent.Executors$RunnableAdapter.call(Executors.java:539) ~[?:?]
	at java.util.concurrent.FutureTask.run(FutureTask.java:264) ~[?:?]
	at java.util.concurrent.ThreadPoolExecutor.runWorker(ThreadPoolExecutor.java:1136) ~[?:?]
	at java.util.concurrent.ThreadPoolExecutor$Worker.run(ThreadPoolExecutor.java:635) ~[?:?]
	at java.lang.Thread.run(Thread.java:833) ~[?:?]
Directories in use:
home:         C:\Users\Ianag\.Neo4jDesktop\relate-data\dbmss\dbms-3d5893ab-be49-4ac0-8ba0-b62bfef59324
config:       C:\Users\Ianag\.Neo4jDesktop\relate-data\dbmss\dbms-3d5893ab-be49-4ac0-8ba0-b62bfef59324\conf
logs:         C:\Users\Ianag\.Neo4jDesktop\relate-data\dbmss\dbms-3d5893ab-be49-4ac0-8ba0-b62bfef59324\logs
plugins:      C:\Users\Ianag\.Neo4jDesktop\relate-data\dbmss\dbms-3d5893ab-be49-4ac0-8ba0-b62bfef59324\plugins
import:       C:\Users\Ianag\.Neo4jDesktop\relate-data\dbmss\dbms-3d5893ab-be49-4ac0-8ba0-b62bfef59324\import
data:         C:\Users\Ianag\.Neo4jDesktop\relate-data\dbmss\dbms-3d5893ab-be49-4ac0-8ba0-b62bfef59324\data
certificates: C:\Users\Ianag\.Neo4jDesktop\relate-data\dbmss\dbms-3d5893ab-be49-4ac0-8ba0-b62bfef59324\certificates
licenses:     C:\Users\Ianag\.Neo4jDesktop\relate-data\dbmss\dbms-3d5893ab-be49-4ac0-8ba0-b62bfef59324\licenses
run:          C:\Users\Ianag\.Neo4jDesktop\relate-data\dbmss\dbms-3d5893ab-be49-4ac0-8ba0-b62bfef59324\run
Starting Neo4j.
2023-05-29 03:19:05.030+0000 INFO  The license agreement was accepted with environment variable NEO4J_ACCEPT_LICENSE_AGREEMENT=yes when the Software was started.

The license agreement is available https://neo4j.com/terms/licensing/

If you do not have a commercial license and want to evaluate the Software
please read the terms of the evaluation agreement before you accept.
https://neo4j.com/terms/enterprise_us/

(c) Neo4j Sweden AB. All Rights Reserved.
Use of this Software without a proper commercial license, or evaluation license
with Neo4j,Inc. or its affiliates is prohibited.
Neo4j has the right to terminate your usage if you are not compliant.

Email inquiries can be directed to: licensing@neo4j.com

More information is also available at: https://neo4j.com/licensing/

2023-05-29 03:19:05.036+0000 WARN  Use of deprecated setting 'dbms.windows_service_name'. It is replaced by 'server.windows_service_name'.
2023-05-29 03:19:05.036+0000 WARN  Use of deprecated setting 'dbms.jvm.additional'. It is replaced by 'server.jvm.additional'.
2023-05-29 03:19:05.036+0000 WARN  Use of deprecated setting 'dbms.memory.pagecache.size'. It is replaced by 'server.memory.pagecache.size'.
2023-05-29 03:19:05.036+0000 WARN  Use of deprecated setting 'dbms.memory.heap.max_size'. It is replaced by 'server.memory.heap.max_size'.
2023-05-29 03:19:05.036+0000 WARN  Use of deprecated setting 'dbms.memory.heap.initial_size'. It is replaced by 'server.memory.heap.initial_size'.
2023-05-29 03:19:05.039+0000 INFO  Starting...
2023-05-29 03:19:07.631+0000 INFO  ======== Neo4j 5.3.0 ========
2023-05-29 03:19:07.679+0000 INFO  This instance is ServerId{cdb85e2c} (cdb85e2c-4fb7-4cee-bfa9-1c9186f5c29a)
2023-05-29 03:19:07.751+0000 INFO  GDS compatibility: for Neo4j Settings 4.4 -- not available, for Neo4j Settings 5.1 -- not available, for Neo4j Settings 5.2.0 -- not available, for Neo4j Settings 5.3 -- available, for Neo4j Settings 5.4 -- not available, for Neo4j Settings 5.5 -- not available, for Neo4j Settings 5.6 -- not available, for Neo4j Settings 5.7 -- not available, for Neo4j Settings 5.8 -- not available, selected: Neo4j Settings 5.3
2023-05-29 03:19:07.751+0000 INFO  GDS compatibility: for Neo4j 4.4 -- not available, for Neo4j 5.1 -- not available, for Neo4j 5.2.0 -- not available, for Neo4j 5.3 -- available, for Neo4j 5.4 -- not available, for Neo4j 5.5 -- not available, for Neo4j 5.6 -- not available, for Neo4j 5.7 -- not available, for Neo4j 5.8 -- not available, selected: Neo4j 5.3
2023-05-29 03:19:22.025+0000 INFO  Sending metrics to CSV file at C:\Users\Ianag\.Neo4jDesktop\relate-data\dbmss\dbms-3d5893ab-be49-4ac0-8ba0-b62bfef59324\metrics
2023-05-29 03:19:22.052+0000 INFO  Bolt enabled on localhost:7687.
2023-05-29 03:19:22.054+0000 INFO  Bolt (Routing) enabled on localhost:7688.
2023-05-29 03:19:22.895+0000 INFO  Remote interface available at http://localhost:7474/
2023-05-29 03:19:22.899+0000 INFO  id: 211BFAC22CAFB7E3C6B76ACC9B17E58B0C40CF27E1693F05AE0A9536614296A5
2023-05-29 03:19:22.899+0000 INFO  name: system
2023-05-29 03:19:22.899+0000 INFO  creationDate: 2023-05-29T00:22:13.224Z
2023-05-29 03:19:22.899+0000 INFO  Started.
2023-05-29 03:19:28.316+0000 ERROR [bolt-5] Terminating connection due to unexpected error
org.neo4j.bolt.protocol.error.streaming.BoltStreamingWriteException: Failed to finalize batch: Cannot write result response
	at org.neo4j.bolt.protocol.common.transaction.result.ResultHandler.onFinish(ResultHandler.java:116) ~[neo4j-bolt-5.3.0.jar:5.3.0]
	at org.neo4j.bolt.protocol.common.fsm.AbstractStateMachine.after(AbstractStateMachine.java:126) ~[neo4j-bolt-5.3.0.jar:5.3.0]
	at org.neo4j.bolt.protocol.common.fsm.AbstractStateMachine.process(AbstractStateMachine.java:99) ~[neo4j-bolt-5.3.0.jar:5.3.0]
	at org.neo4j.bolt.protocol.common.connector.connection.AtomicSchedulingConnection.lambda$submit$4(AtomicSchedulingConnection.java:113) ~[neo4j-bolt-5.3.0.jar:5.3.0]
	at org.neo4j.bolt.protocol.common.connector.connection.AtomicSchedulingConnection.executeJob(AtomicSchedulingConnection.java:336) ~[neo4j-bolt-5.3.0.jar:5.3.0]
	at org.neo4j.bolt.protocol.common.connector.connection.AtomicSchedulingConnection.doExecuteJobs(AtomicSchedulingConnection.java:306) ~[neo4j-bolt-5.3.0.jar:5.3.0]
	at org.neo4j.bolt.protocol.common.connector.connection.AtomicSchedulingConnection.executeJobs(AtomicSchedulingConnection.java:212) ~[neo4j-bolt-5.3.0.jar:5.3.0]
	at java.util.concurrent.Executors$RunnableAdapter.call(Executors.java:539) ~[?:?]
	at java.util.concurrent.FutureTask.run(FutureTask.java:264) ~[?:?]
	at java.util.concurrent.ThreadPoolExecutor.runWorker(ThreadPoolExecutor.java:1136) ~[?:?]
	at java.util.concurrent.ThreadPoolExecutor$Worker.run(ThreadPoolExecutor.java:635) ~[?:?]
	at java.lang.Thread.run(Thread.java:833) ~[?:?]
Caused by: io.netty.channel.StacklessClosedChannelException
	at io.netty.channel.AbstractChannel$AbstractUnsafe.write(Object, ChannelPromise)(Unknown Source) ~[netty-transport-4.1.84.Final.jar:4.1.84.Final]
2023-05-29 03:51:54.867+0000 INFO  Neo4j Server shutdown initiated by request
2023-05-29 03:51:54.869+0000 INFO  Stopping...
2023-05-29 03:51:54.872+0000 INFO  Stopped.
